Command line invocation:
    /Applications/Xcode.app/Contents/Developer/usr/bin/xcodebuild clean build -project LuggageHelper.xcodeproj -scheme LuggageHelper

--- xcodebuild: WARNING: Using the first of multiple matching destinations:
{ platform:macOS, arch:arm64, variant:Designed for [iPad,iPhone], id:00006000-0004089811C3401E, name:My Mac }
{ platform:iOS, id:dvtdevice-DVTiPhonePlaceholder-iphoneos:placeholder, name:Any iOS Device }
{ platform:iOS Simulator, id:dvtdevice-DVTiOSDeviceSimulatorPlaceholder-iphonesimulator:placeholder, name:Any iOS Simulator Device }
{ platform:iOS Simulator, arch:arm64, id:B838C0C3-41E2-48D5-B013-495658DB713E, OS:18.5, name:iPad (A16) }
{ platform:iOS Simulator, arch:x86_64, id:B838C0C3-41E2-48D5-B013-495658DB713E, OS:18.5, name:iPad (A16) }
{ platform:iOS Simulator, arch:arm64, id:91F26AA5-8A83-4A65-B548-8866855C22BB, OS:18.5, name:iPad Air 11-inch (M3) }
{ platform:iOS Simulator, arch:x86_64, id:91F26AA5-8A83-4A65-B548-8866855C22BB, OS:18.5, name:iPad Air 11-inch (M3) }
{ platform:iOS Simulator, arch:arm64, id:138E1F8F-131E-4ABA-B7E8-AF7D0685EB93, OS:18.5, name:iPad Air 13-inch (M3) }
{ platform:iOS Simulator, arch:x86_64, id:138E1F8F-131E-4ABA-B7E8-AF7D0685EB93, OS:18.5, name:iPad Air 13-inch (M3) }
{ platform:iOS Simulator, arch:arm64, id:2715B8DB-A697-4DB8-AF3E-E96385F2042D, OS:18.5, name:iPad Pro 11-inch (M4) }
{ platform:iOS Simulator, arch:x86_64, id:2715B8DB-A697-4DB8-AF3E-E96385F2042D, OS:18.5, name:iPad Pro 11-inch (M4) }
{ platform:iOS Simulator, arch:arm64, id:D44A474E-21FC-4C0C-AF94-F1BDD5F04DA0, OS:18.5, name:iPad Pro 13-inch (M4) }
{ platform:iOS Simulator, arch:x86_64, id:D44A474E-21FC-4C0C-AF94-F1BDD5F04DA0, OS:18.5, name:iPad Pro 13-inch (M4) }
{ platform:iOS Simulator, arch:arm64, id:C41107F2-A0AD-4DD9-BC76-5C8E8ABFE534, OS:18.5, name:iPad mini (A17 Pro) }
{ platform:iOS Simulator, arch:x86_64, id:C41107F2-A0AD-4DD9-BC76-5C8E8ABFE534, OS:18.5, name:iPad mini (A17 Pro) }
{ platform:iOS Simulator, arch:arm64, id:279ACC3F-4859-4D3F-83BB-36BD47E388C7, OS:18.5, name:iPhone 16 }
{ platform:iOS Simulator, arch:x86_64, id:279ACC3F-4859-4D3F-83BB-36BD47E388C7, OS:18.5, name:iPhone 16 }
{ platform:iOS Simulator, arch:arm64, id:218E67CD-44B4-4F4C-B01D-07772A57D5E1, OS:18.5, name:iPhone 16 Plus }
{ platform:iOS Simulator, arch:x86_64, id:218E67CD-44B4-4F4C-B01D-07772A57D5E1, OS:18.5, name:iPhone 16 Plus }
{ platform:iOS Simulator, arch:arm64, id:98A5F773-188B-46FA-9510-C50D2C79D8AE, OS:18.5, name:iPhone 16 Pro }
{ platform:iOS Simulator, arch:x86_64, id:98A5F773-188B-46FA-9510-C50D2C79D8AE, OS:18.5, name:iPhone 16 Pro }
{ platform:iOS Simulator, arch:arm64, id:3D343949-ECD9-4E2E-B885-2A846497626A, OS:18.5, name:iPhone 16 Pro Max }
{ platform:iOS Simulator, arch:x86_64, id:3D343949-ECD9-4E2E-B885-2A846497626A, OS:18.5, name:iPhone 16 Pro Max }
{ platform:iOS Simulator, arch:arm64, id:D47EC851-4CA4-4FEC-B3AC-54CC6B764216, OS:18.5, name:iPhone 16e }
{ platform:iOS Simulator, arch:x86_64, id:D47EC851-4CA4-4FEC-B3AC-54CC6B764216, OS:18.5, name:iPhone 16e }
ComputePackagePrebuildTargetDependencyGraph

CreateBuildRequest

SendProjectDescription

CreateBuildOperation

** CLEAN SUCCEEDED **

--- xcodebuild: WARNING: Using the first of multiple matching destinations:
{ platform:macOS, arch:arm64, variant:Designed for [iPad,iPhone], id:00006000-0004089811C3401E, name:My Mac }
{ platform:iOS, id:dvtdevice-DVTiPhonePlaceholder-iphoneos:placeholder, name:Any iOS Device }
{ platform:iOS Simulator, id:dvtdevice-DVTiOSDeviceSimulatorPlaceholder-iphonesimulator:placeholder, name:Any iOS Simulator Device }
{ platform:iOS Simulator, arch:arm64, id:B838C0C3-41E2-48D5-B013-495658DB713E, OS:18.5, name:iPad (A16) }
{ platform:iOS Simulator, arch:x86_64, id:B838C0C3-41E2-48D5-B013-495658DB713E, OS:18.5, name:iPad (A16) }
{ platform:iOS Simulator, arch:arm64, id:91F26AA5-8A83-4A65-B548-8866855C22BB, OS:18.5, name:iPad Air 11-inch (M3) }
{ platform:iOS Simulator, arch:x86_64, id:91F26AA5-8A83-4A65-B548-8866855C22BB, OS:18.5, name:iPad Air 11-inch (M3) }
{ platform:iOS Simulator, arch:arm64, id:138E1F8F-131E-4ABA-B7E8-AF7D0685EB93, OS:18.5, name:iPad Air 13-inch (M3) }
{ platform:iOS Simulator, arch:x86_64, id:138E1F8F-131E-4ABA-B7E8-AF7D0685EB93, OS:18.5, name:iPad Air 13-inch (M3) }
{ platform:iOS Simulator, arch:arm64, id:2715B8DB-A697-4DB8-AF3E-E96385F2042D, OS:18.5, name:iPad Pro 11-inch (M4) }
{ platform:iOS Simulator, arch:x86_64, id:2715B8DB-A697-4DB8-AF3E-E96385F2042D, OS:18.5, name:iPad Pro 11-inch (M4) }
{ platform:iOS Simulator, arch:arm64, id:D44A474E-21FC-4C0C-AF94-F1BDD5F04DA0, OS:18.5, name:iPad Pro 13-inch (M4) }
{ platform:iOS Simulator, arch:x86_64, id:D44A474E-21FC-4C0C-AF94-F1BDD5F04DA0, OS:18.5, name:iPad Pro 13-inch (M4) }
{ platform:iOS Simulator, arch:arm64, id:C41107F2-A0AD-4DD9-BC76-5C8E8ABFE534, OS:18.5, name:iPad mini (A17 Pro) }
{ platform:iOS Simulator, arch:x86_64, id:C41107F2-A0AD-4DD9-BC76-5C8E8ABFE534, OS:18.5, name:iPad mini (A17 Pro) }
{ platform:iOS Simulator, arch:arm64, id:279ACC3F-4859-4D3F-83BB-36BD47E388C7, OS:18.5, name:iPhone 16 }
{ platform:iOS Simulator, arch:x86_64, id:279ACC3F-4859-4D3F-83BB-36BD47E388C7, OS:18.5, name:iPhone 16 }
{ platform:iOS Simulator, arch:arm64, id:218E67CD-44B4-4F4C-B01D-07772A57D5E1, OS:18.5, name:iPhone 16 Plus }
{ platform:iOS Simulator, arch:x86_64, id:218E67CD-44B4-4F4C-B01D-07772A57D5E1, OS:18.5, name:iPhone 16 Plus }
{ platform:iOS Simulator, arch:arm64, id:98A5F773-188B-46FA-9510-C50D2C79D8AE, OS:18.5, name:iPhone 16 Pro }
{ platform:iOS Simulator, arch:x86_64, id:98A5F773-188B-46FA-9510-C50D2C79D8AE, OS:18.5, name:iPhone 16 Pro }
{ platform:iOS Simulator, arch:arm64, id:3D343949-ECD9-4E2E-B885-2A846497626A, OS:18.5, name:iPhone 16 Pro Max }
{ platform:iOS Simulator, arch:x86_64, id:3D343949-ECD9-4E2E-B885-2A846497626A, OS:18.5, name:iPhone 16 Pro Max }
{ platform:iOS Simulator, arch:arm64, id:D47EC851-4CA4-4FEC-B3AC-54CC6B764216, OS:18.5, name:iPhone 16e }
{ platform:iOS Simulator, arch:x86_64, id:D47EC851-4CA4-4FEC-B3AC-54CC6B764216, OS:18.5, name:iPhone 16e }
ComputePackagePrebuildTargetDependencyGraph

Prepare packages

CreateBuildRequest

SendProjectDescription

CreateBuildOperation

ComputeTargetDependencyGraph
note: Building targets in dependency order
note: Target dependency graph (1 target)
    Target 'LuggageHelper' in project 'LuggageHelper' (no dependencies)

GatherProvisioningInputs

CreateBuildDescription

ExecuteExternalTool /Applications/Xcode.app/Contents/Developer/Toolchains/XcodeDefault.xctoolchain/usr/bin/clang -v -E -dM -isysroot /Applications/Xcode.app/Contents/Developer/Platforms/iPhoneOS.platform/Developer/SDKs/iPhoneOS18.5.sdk -x c -c /dev/null

ExecuteExternalTool /Applications/Xcode.app/Contents/Developer/usr/bin/actool --print-asset-tag-combinations --output-format xml1 /Users/ahti/Desktop/codework/iOS/LuggageHelper/LuggageHelper/Assets.xcassets

ExecuteExternalTool /Applications/Xcode.app/Contents/Developer/usr/bin/actool --version --output-format xml1

ExecuteExternalTool /Applications/Xcode.app/Contents/Developer/Toolchains/XcodeDefault.xctoolchain/usr/bin/swiftc --version

ExecuteExternalTool /Applications/Xcode.app/Contents/Developer/Toolchains/XcodeDefault.xctoolchain/usr/bin/ld -version_details

Build description signature: 8e1c9476f1a98ff1b2d342ba44aa2273
Build description path: /Users/ahti/Library/Developer/Xcode/DerivedData/LuggageHelper-cekgjdrtewktshcjfiwsvrtrneun/Build/Intermediates.noindex/XCBuildData/8e1c9476f1a98ff1b2d342ba44aa2273.xcbuilddata
/Users/ahti/Desktop/codework/iOS/LuggageHelper/LuggageHelper.xcodeproj: error: Signing for "LuggageHelper" requires a development team. Select a development team in the Signing & Capabilities editor. (in target 'LuggageHelper' from project 'LuggageHelper')
** BUILD FAILED **


The following build commands failed:
	Building project LuggageHelper with scheme LuggageHelper
(1 failure)
