Command line invocation:
    /Applications/Xcode.app/Contents/Developer/usr/bin/xcodebuild clean build -project LuggageHelper.xcodeproj -scheme LuggageHelper -destination "platform=iOS Simulator,name=iPhone 16"

--- xcodebuild: WARNING: Using the first of multiple matching destinations:
{ platform:iOS Simulator, arch:arm64, id:279ACC3F-4859-4D3F-83BB-36BD47E388C7, OS:18.5, name:iPhone 16 }
{ platform:iOS Simulator, arch:x86_64, id:279ACC3F-4859-4D3F-83BB-36BD47E388C7, OS:18.5, name:iPhone 16 }
ComputePackagePrebuildTargetDependencyGraph

CreateBuildRequest

SendProjectDescription

CreateBuildOperation

** CLEAN SUCCEEDED **

--- xcodebuild: WARNING: Using the first of multiple matching destinations:
{ platform:iOS Simulator, arch:arm64, id:279ACC3F-4859-4D3F-83BB-36BD47E388C7, OS:18.5, name:iPhone 16 }
{ platform:iOS Simulator, arch:x86_64, id:279ACC3F-4859-4D3F-83BB-36BD47E388C7, OS:18.5, name:iPhone 16 }
ComputePackagePrebuildTargetDependencyGraph

Prepare packages

CreateBuildRequest

SendProjectDescription

CreateBuildOperation

ComputeTargetDependencyGraph
note: Building targets in dependency order
note: Target dependency graph (1 target)
    Target 'LuggageHelper' in project 'LuggageHelper' (no dependencies)

GatherProvisioningInputs

CreateBuildDescription

ExecuteExternalTool /Applications/Xcode.app/Contents/Developer/Toolchains/XcodeDefault.xctoolchain/usr/bin/clang -v -E -dM -isysroot /Applications/Xcode.app/Contents/Developer/Platforms/iPhoneSimulator.platform/Developer/SDKs/iPhoneSimulator18.5.sdk -x c -c /dev/null

ExecuteExternalTool /Applications/Xcode.app/Contents/Developer/usr/bin/actool --print-asset-tag-combinations --output-format xml1 /Users/ahti/Desktop/codework/iOS/LuggageHelper/LuggageHelper/Assets.xcassets

ExecuteExternalTool /Applications/Xcode.app/Contents/Developer/usr/bin/actool --version --output-format xml1

ExecuteExternalTool /Applications/Xcode.app/Contents/Developer/Toolchains/XcodeDefault.xctoolchain/usr/bin/swiftc --version

ExecuteExternalTool /Applications/Xcode.app/Contents/Developer/Toolchains/XcodeDefault.xctoolchain/usr/bin/ld -version_details

Build description signature: 2ae2156355a586818a649b8c03ec4d50
Build description path: /Users/ahti/Library/Developer/Xcode/DerivedData/LuggageHelper-cekgjdrtewktshcjfiwsvrtrneun/Build/Intermediates.noindex/XCBuildData/2ae2156355a586818a649b8c03ec4d50.xcbuilddata
ClangStatCache /Applications/Xcode.app/Contents/Developer/Toolchains/XcodeDefault.xctoolchain/usr/bin/clang-stat-cache /Applications/Xcode.app/Contents/Developer/Platforms/iPhoneSimulator.platform/Developer/SDKs/iPhoneSimulator18.5.sdk /Users/ahti/Library/Developer/Xcode/DerivedData/SDKStatCaches.noindex/iphonesimulator18.5-22F76-d5fc8ad4295d2ef488fb7d0f804ce0c4.sdkstatcache
    cd /Users/ahti/Desktop/codework/iOS/LuggageHelper/LuggageHelper.xcodeproj
    /Applications/Xcode.app/Contents/Developer/Toolchains/XcodeDefault.xctoolchain/usr/bin/clang-stat-cache /Applications/Xcode.app/Contents/Developer/Platforms/iPhoneSimulator.platform/Developer/SDKs/iPhoneSimulator18.5.sdk -o /Users/ahti/Library/Developer/Xcode/DerivedData/SDKStatCaches.noindex/iphonesimulator18.5-22F76-d5fc8ad4295d2ef488fb7d0f804ce0c4.sdkstatcache

CreateBuildDirectory /Users/ahti/Library/Developer/Xcode/DerivedData/LuggageHelper-cekgjdrtewktshcjfiwsvrtrneun/Build/Products
    cd /Users/ahti/Desktop/codework/iOS/LuggageHelper/LuggageHelper.xcodeproj
    builtin-create-build-directory /Users/ahti/Library/Developer/Xcode/DerivedData/LuggageHelper-cekgjdrtewktshcjfiwsvrtrneun/Build/Products

CreateBuildDirectory /Users/ahti/Library/Developer/Xcode/DerivedData/LuggageHelper-cekgjdrtewktshcjfiwsvrtrneun/Build/Intermediates.noindex
    cd /Users/ahti/Desktop/codework/iOS/LuggageHelper/LuggageHelper.xcodeproj
    builtin-create-build-directory /Users/ahti/Library/Developer/Xcode/DerivedData/LuggageHelper-cekgjdrtewktshcjfiwsvrtrneun/Build/Intermediates.noindex

CreateBuildDirectory /Users/ahti/Library/Developer/Xcode/DerivedData/LuggageHelper-cekgjdrtewktshcjfiwsvrtrneun/Build/Products/Debug-iphonesimulator
    cd /Users/ahti/Desktop/codework/iOS/LuggageHelper/LuggageHelper.xcodeproj
    builtin-create-build-directory /Users/ahti/Library/Developer/Xcode/DerivedData/LuggageHelper-cekgjdrtewktshcjfiwsvrtrneun/Build/Products/Debug-iphonesimulator

CreateBuildDirectory /Users/ahti/Library/Developer/Xcode/DerivedData/LuggageHelper-cekgjdrtewktshcjfiwsvrtrneun/Build/Intermediates.noindex/EagerLinkingTBDs/Debug-iphonesimulator
    cd /Users/ahti/Desktop/codework/iOS/LuggageHelper/LuggageHelper.xcodeproj
    builtin-create-build-directory /Users/ahti/Library/Developer/Xcode/DerivedData/LuggageHelper-cekgjdrtewktshcjfiwsvrtrneun/Build/Intermediates.noindex/EagerLinkingTBDs/Debug-iphonesimulator

WriteAuxiliaryFile /Users/ahti/Library/Developer/Xcode/DerivedData/LuggageHelper-cekgjdrtewktshcjfiwsvrtrneun/Build/Intermediates.noindex/LuggageHelper.build/Debug-iphonesimulator/LuggageHelper-772cfb7970bc5c95e595a5d421570361-VFS-iphonesimulator/all-product-headers.yaml
    cd /Users/ahti/Desktop/codework/iOS/LuggageHelper/LuggageHelper.xcodeproj
    write-file /Users/ahti/Library/Developer/Xcode/DerivedData/LuggageHelper-cekgjdrtewktshcjfiwsvrtrneun/Build/Intermediates.noindex/LuggageHelper.build/Debug-iphonesimulator/LuggageHelper-772cfb7970bc5c95e595a5d421570361-VFS-iphonesimulator/all-product-headers.yaml

WriteAuxiliaryFile /Users/ahti/Library/Developer/Xcode/DerivedData/LuggageHelper-cekgjdrtewktshcjfiwsvrtrneun/Build/Intermediates.noindex/LuggageHelper.build/Debug-iphonesimulator/LuggageHelper.build/empty-LuggageHelper.plist (in target 'LuggageHelper' from project 'LuggageHelper')
    cd /Users/ahti/Desktop/codework/iOS/LuggageHelper
    write-file /Users/ahti/Library/Developer/Xcode/DerivedData/LuggageHelper-cekgjdrtewktshcjfiwsvrtrneun/Build/Intermediates.noindex/LuggageHelper.build/Debug-iphonesimulator/LuggageHelper.build/empty-LuggageHelper.plist

WriteAuxiliaryFile /Users/ahti/Library/Developer/Xcode/DerivedData/LuggageHelper-cekgjdrtewktshcjfiwsvrtrneun/Build/Intermediates.noindex/LuggageHelper.build/Debug-iphonesimulator/LuggageHelper.build/Objects-normal/arm64/LuggageHelper_const_extract_protocols.json (in target 'LuggageHelper' from project 'LuggageHelper')
    cd /Users/ahti/Desktop/codework/iOS/LuggageHelper
    write-file /Users/ahti/Library/Developer/Xcode/DerivedData/LuggageHelper-cekgjdrtewktshcjfiwsvrtrneun/Build/Intermediates.noindex/LuggageHelper.build/Debug-iphonesimulator/LuggageHelper.build/Objects-normal/arm64/LuggageHelper_const_extract_protocols.json

WriteAuxiliaryFile /Users/ahti/Library/Developer/Xcode/DerivedData/LuggageHelper-cekgjdrtewktshcjfiwsvrtrneun/Build/Intermediates.noindex/LuggageHelper.build/Debug-iphonesimulator/LuggageHelper.build/Objects-normal/arm64/LuggageHelper-OutputFileMap.json (in target 'LuggageHelper' from project 'LuggageHelper')
    cd /Users/ahti/Desktop/codework/iOS/LuggageHelper
    write-file /Users/ahti/Library/Developer/Xcode/DerivedData/LuggageHelper-cekgjdrtewktshcjfiwsvrtrneun/Build/Intermediates.noindex/LuggageHelper.build/Debug-iphonesimulator/LuggageHelper.build/Objects-normal/arm64/LuggageHelper-OutputFileMap.json

WriteAuxiliaryFile /Users/ahti/Library/Developer/Xcode/DerivedData/LuggageHelper-cekgjdrtewktshcjfiwsvrtrneun/Build/Intermediates.noindex/LuggageHelper.build/Debug-iphonesimulator/LuggageHelper.build/Objects-normal/arm64/LuggageHelper.LinkFileList (in target 'LuggageHelper' from project 'LuggageHelper')
    cd /Users/ahti/Desktop/codework/iOS/LuggageHelper
    write-file /Users/ahti/Library/Developer/Xcode/DerivedData/LuggageHelper-cekgjdrtewktshcjfiwsvrtrneun/Build/Intermediates.noindex/LuggageHelper.build/Debug-iphonesimulator/LuggageHelper.build/Objects-normal/arm64/LuggageHelper.LinkFileList

WriteAuxiliaryFile /Users/ahti/Library/Developer/Xcode/DerivedData/LuggageHelper-cekgjdrtewktshcjfiwsvrtrneun/Build/Intermediates.noindex/LuggageHelper.build/Debug-iphonesimulator/LuggageHelper.build/Objects-normal/arm64/LuggageHelper.SwiftFileList (in target 'LuggageHelper' from project 'LuggageHelper')
    cd /Users/ahti/Desktop/codework/iOS/LuggageHelper
    write-file /Users/ahti/Library/Developer/Xcode/DerivedData/LuggageHelper-cekgjdrtewktshcjfiwsvrtrneun/Build/Intermediates.noindex/LuggageHelper.build/Debug-iphonesimulator/LuggageHelper.build/Objects-normal/arm64/LuggageHelper.SwiftFileList

WriteAuxiliaryFile /Users/ahti/Library/Developer/Xcode/DerivedData/LuggageHelper-cekgjdrtewktshcjfiwsvrtrneun/Build/Intermediates.noindex/LuggageHelper.build/Debug-iphonesimulator/LuggageHelper.build/LuggageHelper.hmap (in target 'LuggageHelper' from project 'LuggageHelper')
    cd /Users/ahti/Desktop/codework/iOS/LuggageHelper
    write-file /Users/ahti/Library/Developer/Xcode/DerivedData/LuggageHelper-cekgjdrtewktshcjfiwsvrtrneun/Build/Intermediates.noindex/LuggageHelper.build/Debug-iphonesimulator/LuggageHelper.build/LuggageHelper.hmap

WriteAuxiliaryFile /Users/ahti/Library/Developer/Xcode/DerivedData/LuggageHelper-cekgjdrtewktshcjfiwsvrtrneun/Build/Intermediates.noindex/LuggageHelper.build/Debug-iphonesimulator/LuggageHelper.build/Objects-normal/arm64/LuggageHelper.SwiftConstValuesFileList (in target 'LuggageHelper' from project 'LuggageHelper')
    cd /Users/ahti/Desktop/codework/iOS/LuggageHelper
    write-file /Users/ahti/Library/Developer/Xcode/DerivedData/LuggageHelper-cekgjdrtewktshcjfiwsvrtrneun/Build/Intermediates.noindex/LuggageHelper.build/Debug-iphonesimulator/LuggageHelper.build/Objects-normal/arm64/LuggageHelper.SwiftConstValuesFileList

WriteAuxiliaryFile /Users/ahti/Library/Developer/Xcode/DerivedData/LuggageHelper-cekgjdrtewktshcjfiwsvrtrneun/Build/Intermediates.noindex/LuggageHelper.build/Debug-iphonesimulator/LuggageHelper.build/LuggageHelper.DependencyStaticMetadataFileList (in target 'LuggageHelper' from project 'LuggageHelper')
    cd /Users/ahti/Desktop/codework/iOS/LuggageHelper
    write-file /Users/ahti/Library/Developer/Xcode/DerivedData/LuggageHelper-cekgjdrtewktshcjfiwsvrtrneun/Build/Intermediates.noindex/LuggageHelper.build/Debug-iphonesimulator/LuggageHelper.build/LuggageHelper.DependencyStaticMetadataFileList

WriteAuxiliaryFile /Users/ahti/Library/Developer/Xcode/DerivedData/LuggageHelper-cekgjdrtewktshcjfiwsvrtrneun/Build/Intermediates.noindex/LuggageHelper.build/Debug-iphonesimulator/LuggageHelper.build/LuggageHelper.DependencyMetadataFileList (in target 'LuggageHelper' from project 'LuggageHelper')
    cd /Users/ahti/Desktop/codework/iOS/LuggageHelper
    write-file /Users/ahti/Library/Developer/Xcode/DerivedData/LuggageHelper-cekgjdrtewktshcjfiwsvrtrneun/Build/Intermediates.noindex/LuggageHelper.build/Debug-iphonesimulator/LuggageHelper.build/LuggageHelper.DependencyMetadataFileList

WriteAuxiliaryFile /Users/ahti/Library/Developer/Xcode/DerivedData/LuggageHelper-cekgjdrtewktshcjfiwsvrtrneun/Build/Intermediates.noindex/LuggageHelper.build/Debug-iphonesimulator/LuggageHelper.build/LuggageHelper-project-headers.hmap (in target 'LuggageHelper' from project 'LuggageHelper')
    cd /Users/ahti/Desktop/codework/iOS/LuggageHelper
    write-file /Users/ahti/Library/Developer/Xcode/DerivedData/LuggageHelper-cekgjdrtewktshcjfiwsvrtrneun/Build/Intermediates.noindex/LuggageHelper.build/Debug-iphonesimulator/LuggageHelper.build/LuggageHelper-project-headers.hmap

WriteAuxiliaryFile /Users/ahti/Library/Developer/Xcode/DerivedData/LuggageHelper-cekgjdrtewktshcjfiwsvrtrneun/Build/Intermediates.noindex/LuggageHelper.build/Debug-iphonesimulator/LuggageHelper.build/LuggageHelper-own-target-headers.hmap (in target 'LuggageHelper' from project 'LuggageHelper')
    cd /Users/ahti/Desktop/codework/iOS/LuggageHelper
    write-file /Users/ahti/Library/Developer/Xcode/DerivedData/LuggageHelper-cekgjdrtewktshcjfiwsvrtrneun/Build/Intermediates.noindex/LuggageHelper.build/Debug-iphonesimulator/LuggageHelper.build/LuggageHelper-own-target-headers.hmap

WriteAuxiliaryFile /Users/ahti/Library/Developer/Xcode/DerivedData/LuggageHelper-cekgjdrtewktshcjfiwsvrtrneun/Build/Intermediates.noindex/LuggageHelper.build/Debug-iphonesimulator/LuggageHelper.build/LuggageHelper-generated-files.hmap (in target 'LuggageHelper' from project 'LuggageHelper')
    cd /Users/ahti/Desktop/codework/iOS/LuggageHelper
    write-file /Users/ahti/Library/Developer/Xcode/DerivedData/LuggageHelper-cekgjdrtewktshcjfiwsvrtrneun/Build/Intermediates.noindex/LuggageHelper.build/Debug-iphonesimulator/LuggageHelper.build/LuggageHelper-generated-files.hmap

WriteAuxiliaryFile /Users/ahti/Library/Developer/Xcode/DerivedData/LuggageHelper-cekgjdrtewktshcjfiwsvrtrneun/Build/Intermediates.noindex/LuggageHelper.build/Debug-iphonesimulator/LuggageHelper.build/LuggageHelper-all-target-headers.hmap (in target 'LuggageHelper' from project 'LuggageHelper')
    cd /Users/ahti/Desktop/codework/iOS/LuggageHelper
    write-file /Users/ahti/Library/Developer/Xcode/DerivedData/LuggageHelper-cekgjdrtewktshcjfiwsvrtrneun/Build/Intermediates.noindex/LuggageHelper.build/Debug-iphonesimulator/LuggageHelper.build/LuggageHelper-all-target-headers.hmap

WriteAuxiliaryFile /Users/ahti/Library/Developer/Xcode/DerivedData/LuggageHelper-cekgjdrtewktshcjfiwsvrtrneun/Build/Intermediates.noindex/LuggageHelper.build/Debug-iphonesimulator/LuggageHelper.build/LuggageHelper-DebugDylibPath-normal-arm64.txt (in target 'LuggageHelper' from project 'LuggageHelper')
    cd /Users/ahti/Desktop/codework/iOS/LuggageHelper
    write-file /Users/ahti/Library/Developer/Xcode/DerivedData/LuggageHelper-cekgjdrtewktshcjfiwsvrtrneun/Build/Intermediates.noindex/LuggageHelper.build/Debug-iphonesimulator/LuggageHelper.build/LuggageHelper-DebugDylibPath-normal-arm64.txt

WriteAuxiliaryFile /Users/ahti/Library/Developer/Xcode/DerivedData/LuggageHelper-cekgjdrtewktshcjfiwsvrtrneun/Build/Intermediates.noindex/LuggageHelper.build/Debug-iphonesimulator/LuggageHelper.build/LuggageHelper-all-non-framework-target-headers.hmap (in target 'LuggageHelper' from project 'LuggageHelper')
    cd /Users/ahti/Desktop/codework/iOS/LuggageHelper
    write-file /Users/ahti/Library/Developer/Xcode/DerivedData/LuggageHelper-cekgjdrtewktshcjfiwsvrtrneun/Build/Intermediates.noindex/LuggageHelper.build/Debug-iphonesimulator/LuggageHelper.build/LuggageHelper-all-non-framework-target-headers.hmap

WriteAuxiliaryFile /Users/ahti/Library/Developer/Xcode/DerivedData/LuggageHelper-cekgjdrtewktshcjfiwsvrtrneun/Build/Intermediates.noindex/LuggageHelper.build/Debug-iphonesimulator/LuggageHelper.build/LuggageHelper-DebugDylibInstallName-normal-arm64.txt (in target 'LuggageHelper' from project 'LuggageHelper')
    cd /Users/ahti/Desktop/codework/iOS/LuggageHelper
    write-file /Users/ahti/Library/Developer/Xcode/DerivedData/LuggageHelper-cekgjdrtewktshcjfiwsvrtrneun/Build/Intermediates.noindex/LuggageHelper.build/Debug-iphonesimulator/LuggageHelper.build/LuggageHelper-DebugDylibInstallName-normal-arm64.txt

WriteAuxiliaryFile /Users/ahti/Library/Developer/Xcode/DerivedData/LuggageHelper-cekgjdrtewktshcjfiwsvrtrneun/Build/Intermediates.noindex/LuggageHelper.build/Debug-iphonesimulator/LuggageHelper.build/DerivedSources/Entitlements-Simulated.plist (in target 'LuggageHelper' from project 'LuggageHelper')
    cd /Users/ahti/Desktop/codework/iOS/LuggageHelper
    write-file /Users/ahti/Library/Developer/Xcode/DerivedData/LuggageHelper-cekgjdrtewktshcjfiwsvrtrneun/Build/Intermediates.noindex/LuggageHelper.build/Debug-iphonesimulator/LuggageHelper.build/DerivedSources/Entitlements-Simulated.plist

MkDir /Users/ahti/Library/Developer/Xcode/DerivedData/LuggageHelper-cekgjdrtewktshcjfiwsvrtrneun/Build/Products/Debug-iphonesimulator/LuggageHelper.app (in target 'LuggageHelper' from project 'LuggageHelper')
    cd /Users/ahti/Desktop/codework/iOS/LuggageHelper
    /bin/mkdir -p /Users/ahti/Library/Developer/Xcode/DerivedData/LuggageHelper-cekgjdrtewktshcjfiwsvrtrneun/Build/Products/Debug-iphonesimulator/LuggageHelper.app

ProcessProductPackaging "" /Users/ahti/Library/Developer/Xcode/DerivedData/LuggageHelper-cekgjdrtewktshcjfiwsvrtrneun/Build/Intermediates.noindex/LuggageHelper.build/Debug-iphonesimulator/LuggageHelper.build/LuggageHelper.app-Simulated.xcent (in target 'LuggageHelper' from project 'LuggageHelper')
    cd /Users/ahti/Desktop/codework/iOS/LuggageHelper
    
    Entitlements:
    
    {
    "application-identifier" = "FAKETEAMID.ahti.LuggageHelper";
}
    
    builtin-productPackagingUtility -entitlements -format xml -o /Users/ahti/Library/Developer/Xcode/DerivedData/LuggageHelper-cekgjdrtewktshcjfiwsvrtrneun/Build/Intermediates.noindex/LuggageHelper.build/Debug-iphonesimulator/LuggageHelper.build/LuggageHelper.app-Simulated.xcent

ProcessProductPackagingDER /Users/ahti/Library/Developer/Xcode/DerivedData/LuggageHelper-cekgjdrtewktshcjfiwsvrtrneun/Build/Intermediates.noindex/LuggageHelper.build/Debug-iphonesimulator/LuggageHelper.build/LuggageHelper.app-Simulated.xcent /Users/ahti/Library/Developer/Xcode/DerivedData/LuggageHelper-cekgjdrtewktshcjfiwsvrtrneun/Build/Intermediates.noindex/LuggageHelper.build/Debug-iphonesimulator/LuggageHelper.build/LuggageHelper.app-Simulated.xcent.der (in target 'LuggageHelper' from project 'LuggageHelper')
    cd /Users/ahti/Desktop/codework/iOS/LuggageHelper
    /usr/bin/derq query -f xml -i /Users/ahti/Library/Developer/Xcode/DerivedData/LuggageHelper-cekgjdrtewktshcjfiwsvrtrneun/Build/Intermediates.noindex/LuggageHelper.build/Debug-iphonesimulator/LuggageHelper.build/LuggageHelper.app-Simulated.xcent -o /Users/ahti/Library/Developer/Xcode/DerivedData/LuggageHelper-cekgjdrtewktshcjfiwsvrtrneun/Build/Intermediates.noindex/LuggageHelper.build/Debug-iphonesimulator/LuggageHelper.build/LuggageHelper.app-Simulated.xcent.der --raw

Ld /Users/ahti/Library/Developer/Xcode/DerivedData/LuggageHelper-cekgjdrtewktshcjfiwsvrtrneun/Build/Products/Debug-iphonesimulator/LuggageHelper.app/__preview.dylib normal (in target 'LuggageHelper' from project 'LuggageHelper')
    cd /Users/ahti/Desktop/codework/iOS/LuggageHelper
    /Applications/Xcode.app/Contents/Developer/Toolchains/XcodeDefault.xctoolchain/usr/bin/clang -Xlinker -reproducible -target arm64-apple-ios17-simulator -dynamiclib -isysroot /Applications/Xcode.app/Contents/Developer/Platforms/iPhoneSimulator.platform/Developer/SDKs/iPhoneSimulator18.5.sdk -O0 -L/Users/ahti/Library/Developer/Xcode/DerivedData/LuggageHelper-cekgjdrtewktshcjfiwsvrtrneun/Build/Products/Debug-iphonesimulator -F/Users/ahti/Library/Developer/Xcode/DerivedData/LuggageHelper-cekgjdrtewktshcjfiwsvrtrneun/Build/Products/Debug-iphonesimulator -install_name @rpath/LuggageHelper.debug.dylib -dead_strip -rdynamic -Xlinker -no_deduplicate -Xlinker -objc_abi_version -Xlinker 2 -Xlinker -debug_variant -Xlinker -dependency_info -Xlinker /Users/ahti/Library/Developer/Xcode/DerivedData/LuggageHelper-cekgjdrtewktshcjfiwsvrtrneun/Build/Intermediates.noindex/LuggageHelper.build/Debug-iphonesimulator/LuggageHelper.build/Objects-normal/arm64/LuggageHelper_dependency_info.dat -Xlinker -sectcreate -Xlinker __TEXT -Xlinker __entitlements -Xlinker /Users/ahti/Library/Developer/Xcode/DerivedData/LuggageHelper-cekgjdrtewktshcjfiwsvrtrneun/Build/Intermediates.noindex/LuggageHelper.build/Debug-iphonesimulator/LuggageHelper.build/LuggageHelper.app-Simulated.xcent -Xlinker -sectcreate -Xlinker __TEXT -Xlinker __ents_der -Xlinker /Users/ahti/Library/Developer/Xcode/DerivedData/LuggageHelper-cekgjdrtewktshcjfiwsvrtrneun/Build/Intermediates.noindex/LuggageHelper.build/Debug-iphonesimulator/LuggageHelper.build/LuggageHelper.app-Simulated.xcent.der -Xlinker -no_adhoc_codesign -o /Users/ahti/Library/Developer/Xcode/DerivedData/LuggageHelper-cekgjdrtewktshcjfiwsvrtrneun/Build/Products/Debug-iphonesimulator/LuggageHelper.app/__preview.dylib

MkDir /Users/ahti/Library/Developer/Xcode/DerivedData/LuggageHelper-cekgjdrtewktshcjfiwsvrtrneun/Build/Intermediates.noindex/LuggageHelper.build/Debug-iphonesimulator/LuggageHelper.build/assetcatalog_output/unthinned (in target 'LuggageHelper' from project 'LuggageHelper')
    cd /Users/ahti/Desktop/codework/iOS/LuggageHelper
    /bin/mkdir -p /Users/ahti/Library/Developer/Xcode/DerivedData/LuggageHelper-cekgjdrtewktshcjfiwsvrtrneun/Build/Intermediates.noindex/LuggageHelper.build/Debug-iphonesimulator/LuggageHelper.build/assetcatalog_output/unthinned

MkDir /Users/ahti/Library/Developer/Xcode/DerivedData/LuggageHelper-cekgjdrtewktshcjfiwsvrtrneun/Build/Intermediates.noindex/LuggageHelper.build/Debug-iphonesimulator/LuggageHelper.build/assetcatalog_output/thinned (in target 'LuggageHelper' from project 'LuggageHelper')
    cd /Users/ahti/Desktop/codework/iOS/LuggageHelper
    /bin/mkdir -p /Users/ahti/Library/Developer/Xcode/DerivedData/LuggageHelper-cekgjdrtewktshcjfiwsvrtrneun/Build/Intermediates.noindex/LuggageHelper.build/Debug-iphonesimulator/LuggageHelper.build/assetcatalog_output/thinned

GenerateAssetSymbols /Users/ahti/Desktop/codework/iOS/LuggageHelper/LuggageHelper/Assets.xcassets (in target 'LuggageHelper' from project 'LuggageHelper')
    cd /Users/ahti/Desktop/codework/iOS/LuggageHelper
    /Applications/Xcode.app/Contents/Developer/usr/bin/actool /Users/ahti/Desktop/codework/iOS/LuggageHelper/LuggageHelper/Assets.xcassets --compile /Users/ahti/Library/Developer/Xcode/DerivedData/LuggageHelper-cekgjdrtewktshcjfiwsvrtrneun/Build/Products/Debug-iphonesimulator/LuggageHelper.app --output-format human-readable-text --notices --warnings --export-dependency-info /Users/ahti/Library/Developer/Xcode/DerivedData/LuggageHelper-cekgjdrtewktshcjfiwsvrtrneun/Build/Intermediates.noindex/LuggageHelper.build/Debug-iphonesimulator/LuggageHelper.build/assetcatalog_dependencies --output-partial-info-plist /Users/ahti/Library/Developer/Xcode/DerivedData/LuggageHelper-cekgjdrtewktshcjfiwsvrtrneun/Build/Intermediates.noindex/LuggageHelper.build/Debug-iphonesimulator/LuggageHelper.build/assetcatalog_generated_info.plist --app-icon AppIcon --accent-color AccentColor --compress-pngs --enable-on-demand-resources YES --development-region en --target-device iphone --target-device ipad --minimum-deployment-target 17 --platform iphonesimulator --bundle-identifier ahti.LuggageHelper --generate-swift-asset-symbols /Users/ahti/Library/Developer/Xcode/DerivedData/LuggageHelper-cekgjdrtewktshcjfiwsvrtrneun/Build/Intermediates.noindex/LuggageHelper.build/Debug-iphonesimulator/LuggageHelper.build/DerivedSources/GeneratedAssetSymbols.swift --generate-objc-asset-symbols /Users/ahti/Library/Developer/Xcode/DerivedData/LuggageHelper-cekgjdrtewktshcjfiwsvrtrneun/Build/Intermediates.noindex/LuggageHelper.build/Debug-iphonesimulator/LuggageHelper.build/DerivedSources/GeneratedAssetSymbols.h --generate-asset-symbol-index /Users/ahti/Library/Developer/Xcode/DerivedData/LuggageHelper-cekgjdrtewktshcjfiwsvrtrneun/Build/Intermediates.noindex/LuggageHelper.build/Debug-iphonesimulator/LuggageHelper.build/DerivedSources/GeneratedAssetSymbols-Index.plist
/* com.apple.actool.compilation-results */
/Users/ahti/Library/Developer/Xcode/DerivedData/LuggageHelper-cekgjdrtewktshcjfiwsvrtrneun/Build/Intermediates.noindex/LuggageHelper.build/Debug-iphonesimulator/LuggageHelper.build/DerivedSources/GeneratedAssetSymbols-Index.plist
/Users/ahti/Library/Developer/Xcode/DerivedData/LuggageHelper-cekgjdrtewktshcjfiwsvrtrneun/Build/Intermediates.noindex/LuggageHelper.build/Debug-iphonesimulator/LuggageHelper.build/DerivedSources/GeneratedAssetSymbols.h
/Users/ahti/Library/Developer/Xcode/DerivedData/LuggageHelper-cekgjdrtewktshcjfiwsvrtrneun/Build/Intermediates.noindex/LuggageHelper.build/Debug-iphonesimulator/LuggageHelper.build/DerivedSources/GeneratedAssetSymbols.swift


CompileAssetCatalogVariant thinned /Users/ahti/Library/Developer/Xcode/DerivedData/LuggageHelper-cekgjdrtewktshcjfiwsvrtrneun/Build/Products/Debug-iphonesimulator/LuggageHelper.app /Users/ahti/Desktop/codework/iOS/LuggageHelper/LuggageHelper/Assets.xcassets (in target 'LuggageHelper' from project 'LuggageHelper')
    cd /Users/ahti/Desktop/codework/iOS/LuggageHelper
    /Applications/Xcode.app/Contents/Developer/usr/bin/actool /Users/ahti/Desktop/codework/iOS/LuggageHelper/LuggageHelper/Assets.xcassets --compile /Users/ahti/Library/Developer/Xcode/DerivedData/LuggageHelper-cekgjdrtewktshcjfiwsvrtrneun/Build/Intermediates.noindex/LuggageHelper.build/Debug-iphonesimulator/LuggageHelper.build/assetcatalog_output/thinned --output-format human-readable-text --notices --warnings --export-dependency-info /Users/ahti/Library/Developer/Xcode/DerivedData/LuggageHelper-cekgjdrtewktshcjfiwsvrtrneun/Build/Intermediates.noindex/LuggageHelper.build/Debug-iphonesimulator/LuggageHelper.build/assetcatalog_dependencies_thinned --output-partial-info-plist /Users/ahti/Library/Developer/Xcode/DerivedData/LuggageHelper-cekgjdrtewktshcjfiwsvrtrneun/Build/Intermediates.noindex/LuggageHelper.build/Debug-iphonesimulator/LuggageHelper.build/assetcatalog_generated_info.plist_thinned --app-icon AppIcon --accent-color AccentColor --compress-pngs --enable-on-demand-resources YES --filter-for-thinning-device-configuration iPhone17,3 --filter-for-device-os-version 18.5 --development-region en --target-device iphone --target-device ipad --minimum-deployment-target 17 --platform iphonesimulator
/* com.apple.actool.compilation-results */
/Users/ahti/Library/Developer/Xcode/DerivedData/LuggageHelper-cekgjdrtewktshcjfiwsvrtrneun/Build/Intermediates.noindex/LuggageHelper.build/Debug-iphonesimulator/LuggageHelper.build/assetcatalog_generated_info.plist_thinned


LinkAssetCatalog /Users/ahti/Desktop/codework/iOS/LuggageHelper/LuggageHelper/Assets.xcassets (in target 'LuggageHelper' from project 'LuggageHelper')
    cd /Users/ahti/Desktop/codework/iOS/LuggageHelper
    builtin-linkAssetCatalog --thinned /Users/ahti/Library/Developer/Xcode/DerivedData/LuggageHelper-cekgjdrtewktshcjfiwsvrtrneun/Build/Intermediates.noindex/LuggageHelper.build/Debug-iphonesimulator/LuggageHelper.build/assetcatalog_output/thinned --thinned-dependencies /Users/ahti/Library/Developer/Xcode/DerivedData/LuggageHelper-cekgjdrtewktshcjfiwsvrtrneun/Build/Intermediates.noindex/LuggageHelper.build/Debug-iphonesimulator/LuggageHelper.build/assetcatalog_dependencies_thinned --thinned-info-plist-content /Users/ahti/Library/Developer/Xcode/DerivedData/LuggageHelper-cekgjdrtewktshcjfiwsvrtrneun/Build/Intermediates.noindex/LuggageHelper.build/Debug-iphonesimulator/LuggageHelper.build/assetcatalog_generated_info.plist_thinned --unthinned /Users/ahti/Library/Developer/Xcode/DerivedData/LuggageHelper-cekgjdrtewktshcjfiwsvrtrneun/Build/Intermediates.noindex/LuggageHelper.build/Debug-iphonesimulator/LuggageHelper.build/assetcatalog_output/unthinned --unthinned-dependencies /Users/ahti/Library/Developer/Xcode/DerivedData/LuggageHelper-cekgjdrtewktshcjfiwsvrtrneun/Build/Intermediates.noindex/LuggageHelper.build/Debug-iphonesimulator/LuggageHelper.build/assetcatalog_dependencies_unthinned --unthinned-info-plist-content /Users/ahti/Library/Developer/Xcode/DerivedData/LuggageHelper-cekgjdrtewktshcjfiwsvrtrneun/Build/Intermediates.noindex/LuggageHelper.build/Debug-iphonesimulator/LuggageHelper.build/assetcatalog_generated_info.plist_unthinned --output /Users/ahti/Library/Developer/Xcode/DerivedData/LuggageHelper-cekgjdrtewktshcjfiwsvrtrneun/Build/Products/Debug-iphonesimulator/LuggageHelper.app --plist-output /Users/ahti/Library/Developer/Xcode/DerivedData/LuggageHelper-cekgjdrtewktshcjfiwsvrtrneun/Build/Intermediates.noindex/LuggageHelper.build/Debug-iphonesimulator/LuggageHelper.build/assetcatalog_generated_info.plist

ProcessInfoPlistFile /Users/ahti/Library/Developer/Xcode/DerivedData/LuggageHelper-cekgjdrtewktshcjfiwsvrtrneun/Build/Products/Debug-iphonesimulator/LuggageHelper.app/Info.plist /Users/ahti/Library/Developer/Xcode/DerivedData/LuggageHelper-cekgjdrtewktshcjfiwsvrtrneun/Build/Intermediates.noindex/LuggageHelper.build/Debug-iphonesimulator/LuggageHelper.build/empty-LuggageHelper.plist (in target 'LuggageHelper' from project 'LuggageHelper')
    cd /Users/ahti/Desktop/codework/iOS/LuggageHelper
    builtin-infoPlistUtility /Users/ahti/Library/Developer/Xcode/DerivedData/LuggageHelper-cekgjdrtewktshcjfiwsvrtrneun/Build/Intermediates.noindex/LuggageHelper.build/Debug-iphonesimulator/LuggageHelper.build/empty-LuggageHelper.plist -producttype com.apple.product-type.application -genpkginfo /Users/ahti/Library/Developer/Xcode/DerivedData/LuggageHelper-cekgjdrtewktshcjfiwsvrtrneun/Build/Products/Debug-iphonesimulator/LuggageHelper.app/PkgInfo -expandbuildsettings -format binary -platform iphonesimulator -additionalcontentfile /Users/ahti/Library/Developer/Xcode/DerivedData/LuggageHelper-cekgjdrtewktshcjfiwsvrtrneun/Build/Intermediates.noindex/LuggageHelper.build/Debug-iphonesimulator/LuggageHelper.build/assetcatalog_generated_info.plist -o /Users/ahti/Library/Developer/Xcode/DerivedData/LuggageHelper-cekgjdrtewktshcjfiwsvrtrneun/Build/Products/Debug-iphonesimulator/LuggageHelper.app/Info.plist

SwiftDriver LuggageHelper normal arm64 com.apple.xcode.tools.swift.compiler (in target 'LuggageHelper' from project 'LuggageHelper')
    cd /Users/ahti/Desktop/codework/iOS/LuggageHelper
    builtin-SwiftDriver -- /Applications/Xcode.app/Contents/Developer/Toolchains/XcodeDefault.xctoolchain/usr/bin/swiftc -module-name LuggageHelper -Onone -enforce-exclusivity\=checked @/Users/ahti/Library/Developer/Xcode/DerivedData/LuggageHelper-cekgjdrtewktshcjfiwsvrtrneun/Build/Intermediates.noindex/LuggageHelper.build/Debug-iphonesimulator/LuggageHelper.build/Objects-normal/arm64/LuggageHelper.SwiftFileList -DDEBUG -enable-bare-slash-regex -enable-experimental-feature DebugDescriptionMacro -sdk /Applications/Xcode.app/Contents/Developer/Platforms/iPhoneSimulator.platform/Developer/SDKs/iPhoneSimulator18.5.sdk -target arm64-apple-ios17-simulator -g -module-cache-path /Users/ahti/Library/Developer/Xcode/DerivedData/ModuleCache.noindex -Xfrontend -serialize-debugging-options -profile-coverage-mapping -profile-generate -enable-testing -index-store-path /Users/ahti/Library/Developer/Xcode/DerivedData/LuggageHelper-cekgjdrtewktshcjfiwsvrtrneun/Index.noindex/DataStore -swift-version 5 -I /Users/ahti/Library/Developer/Xcode/DerivedData/LuggageHelper-cekgjdrtewktshcjfiwsvrtrneun/Build/Products/Debug-iphonesimulator -F /Users/ahti/Library/Developer/Xcode/DerivedData/LuggageHelper-cekgjdrtewktshcjfiwsvrtrneun/Build/Products/Debug-iphonesimulator -emit-localized-strings -emit-localized-strings-path /Users/ahti/Library/Developer/Xcode/DerivedData/LuggageHelper-cekgjdrtewktshcjfiwsvrtrneun/Build/Intermediates.noindex/LuggageHelper.build/Debug-iphonesimulator/LuggageHelper.build/Objects-normal/arm64 -c -j8 -enable-batch-mode -incremental -Xcc -ivfsstatcache -Xcc /Users/ahti/Library/Developer/Xcode/DerivedData/SDKStatCaches.noindex/iphonesimulator18.5-22F76-d5fc8ad4295d2ef488fb7d0f804ce0c4.sdkstatcache -output-file-map /Users/ahti/Library/Developer/Xcode/DerivedData/LuggageHelper-cekgjdrtewktshcjfiwsvrtrneun/Build/Intermediates.noindex/LuggageHelper.build/Debug-iphonesimulator/LuggageHelper.build/Objects-normal/arm64/LuggageHelper-OutputFileMap.json -use-frontend-parseable-output -save-temps -no-color-diagnostics -serialize-diagnostics -emit-dependencies -emit-module -emit-module-path /Users/ahti/Library/Developer/Xcode/DerivedData/LuggageHelper-cekgjdrtewktshcjfiwsvrtrneun/Build/Intermediates.noindex/LuggageHelper.build/Debug-iphonesimulator/LuggageHelper.build/Objects-normal/arm64/LuggageHelper.swiftmodule -validate-clang-modules-once -clang-build-session-file /Users/ahti/Library/Developer/Xcode/DerivedData/ModuleCache.noindex/Session.modulevalidation -Xcc -I/Users/ahti/Library/Developer/Xcode/DerivedData/LuggageHelper-cekgjdrtewktshcjfiwsvrtrneun/Build/Intermediates.noindex/LuggageHelper.build/Debug-iphonesimulator/LuggageHelper.build/swift-overrides.hmap -emit-const-values -Xfrontend -const-gather-protocols-file -Xfrontend /Users/ahti/Library/Developer/Xcode/DerivedData/LuggageHelper-cekgjdrtewktshcjfiwsvrtrneun/Build/Intermediates.noindex/LuggageHelper.build/Debug-iphonesimulator/LuggageHelper.build/Objects-normal/arm64/LuggageHelper_const_extract_protocols.json -Xcc -iquote -Xcc /Users/ahti/Library/Developer/Xcode/DerivedData/LuggageHelper-cekgjdrtewktshcjfiwsvrtrneun/Build/Intermediates.noindex/LuggageHelper.build/Debug-iphonesimulator/LuggageHelper.build/LuggageHelper-generated-files.hmap -Xcc -I/Users/ahti/Library/Developer/Xcode/DerivedData/LuggageHelper-cekgjdrtewktshcjfiwsvrtrneun/Build/Intermediates.noindex/LuggageHelper.build/Debug-iphonesimulator/LuggageHelper.build/LuggageHelper-own-target-headers.hmap -Xcc -I/Users/ahti/Library/Developer/Xcode/DerivedData/LuggageHelper-cekgjdrtewktshcjfiwsvrtrneun/Build/Intermediates.noindex/LuggageHelper.build/Debug-iphonesimulator/LuggageHelper.build/LuggageHelper-all-target-headers.hmap -Xcc -iquote -Xcc /Users/ahti/Library/Developer/Xcode/DerivedData/LuggageHelper-cekgjdrtewktshcjfiwsvrtrneun/Build/Intermediates.noindex/LuggageHelper.build/Debug-iphonesimulator/LuggageHelper.build/LuggageHelper-project-headers.hmap -Xcc -I/Users/ahti/Library/Developer/Xcode/DerivedData/LuggageHelper-cekgjdrtewktshcjfiwsvrtrneun/Build/Products/Debug-iphonesimulator/include -Xcc -I/Users/ahti/Library/Developer/Xcode/DerivedData/LuggageHelper-cekgjdrtewktshcjfiwsvrtrneun/Build/Intermediates.noindex/LuggageHelper.build/Debug-iphonesimulator/LuggageHelper.build/DerivedSources-normal/arm64 -Xcc -I/Users/ahti/Library/Developer/Xcode/DerivedData/LuggageHelper-cekgjdrtewktshcjfiwsvrtrneun/Build/Intermediates.noindex/LuggageHelper.build/Debug-iphonesimulator/LuggageHelper.build/DerivedSources/arm64 -Xcc -I/Users/ahti/Library/Developer/Xcode/DerivedData/LuggageHelper-cekgjdrtewktshcjfiwsvrtrneun/Build/Intermediates.noindex/LuggageHelper.build/Debug-iphonesimulator/LuggageHelper.build/DerivedSources -Xcc -DDEBUG\=1 -emit-objc-header -emit-objc-header-path /Users/ahti/Library/Developer/Xcode/DerivedData/LuggageHelper-cekgjdrtewktshcjfiwsvrtrneun/Build/Intermediates.noindex/LuggageHelper.build/Debug-iphonesimulator/LuggageHelper.build/Objects-normal/arm64/LuggageHelper-Swift.h -working-directory /Users/ahti/Desktop/codework/iOS/LuggageHelper -experimental-emit-module-separately -disable-cmo

SwiftCompile normal arm64 Compiling\ Luggage.swift,\ AddItemView.swift,\ ContentView.swift /Users/ahti/Desktop/codework/iOS/LuggageHelper/LuggageHelper/Models/Luggage.swift /Users/ahti/Desktop/codework/iOS/LuggageHelper/LuggageHelper/Views/AddItemView.swift /Users/ahti/Desktop/codework/iOS/LuggageHelper/LuggageHelper/ContentView.swift (in target 'LuggageHelper' from project 'LuggageHelper')

SwiftCompile normal arm64 /Users/ahti/Desktop/codework/iOS/LuggageHelper/LuggageHelper/Models/Luggage.swift (in target 'LuggageHelper' from project 'LuggageHelper')
    cd /Users/ahti/Desktop/codework/iOS/LuggageHelper
    

SwiftCompile normal arm64 /Users/ahti/Desktop/codework/iOS/LuggageHelper/LuggageHelper/Views/AddItemView.swift (in target 'LuggageHelper' from project 'LuggageHelper')
    cd /Users/ahti/Desktop/codework/iOS/LuggageHelper
    

SwiftCompile normal arm64 /Users/ahti/Desktop/codework/iOS/LuggageHelper/LuggageHelper/ContentView.swift (in target 'LuggageHelper' from project 'LuggageHelper')
    cd /Users/ahti/Desktop/codework/iOS/LuggageHelper
    

SwiftCompile normal arm64 Compiling\ AddLuggageView.swift,\ LuggageHelperApp.swift /Users/ahti/Desktop/codework/iOS/LuggageHelper/LuggageHelper/Views/AddLuggageView.swift /Users/ahti/Desktop/codework/iOS/LuggageHelper/LuggageHelper/LuggageHelperApp.swift (in target 'LuggageHelper' from project 'LuggageHelper')

SwiftCompile normal arm64 /Users/ahti/Desktop/codework/iOS/LuggageHelper/LuggageHelper/Views/AddLuggageView.swift (in target 'LuggageHelper' from project 'LuggageHelper')
    cd /Users/ahti/Desktop/codework/iOS/LuggageHelper
    

SwiftCompile normal arm64 /Users/ahti/Desktop/codework/iOS/LuggageHelper/LuggageHelper/LuggageHelperApp.swift (in target 'LuggageHelper' from project 'LuggageHelper')
    cd /Users/ahti/Desktop/codework/iOS/LuggageHelper
    

SwiftEmitModule normal arm64 Emitting\ module\ for\ LuggageHelper (in target 'LuggageHelper' from project 'LuggageHelper')
EmitSwiftModule normal arm64 (in target 'LuggageHelper' from project 'LuggageHelper')
    cd /Users/ahti/Desktop/codework/iOS/LuggageHelper
    

SwiftCompile normal arm64 Compiling\ ItemListView.swift,\ ImagePicker.swift /Users/ahti/Desktop/codework/iOS/LuggageHelper/LuggageHelper/Views/ItemListView.swift /Users/ahti/Desktop/codework/iOS/LuggageHelper/LuggageHelper/Views/ImagePicker.swift (in target 'LuggageHelper' from project 'LuggageHelper')

SwiftCompile normal arm64 /Users/ahti/Desktop/codework/iOS/LuggageHelper/LuggageHelper/Views/ItemListView.swift (in target 'LuggageHelper' from project 'LuggageHelper')
    cd /Users/ahti/Desktop/codework/iOS/LuggageHelper
    

SwiftCompile normal arm64 /Users/ahti/Desktop/codework/iOS/LuggageHelper/LuggageHelper/Views/ImagePicker.swift (in target 'LuggageHelper' from project 'LuggageHelper')
    cd /Users/ahti/Desktop/codework/iOS/LuggageHelper
    

SwiftCompile normal arm64 Compiling\ LuggageViewModel.swift,\ LuggageDataService.swift /Users/ahti/Desktop/codework/iOS/LuggageHelper/LuggageHelper/ViewModels/LuggageViewModel.swift /Users/ahti/Desktop/codework/iOS/LuggageHelper/LuggageHelper/Services/LuggageDataService.swift (in target 'LuggageHelper' from project 'LuggageHelper')
SwiftCompile normal arm64 /Users/ahti/Desktop/codework/iOS/LuggageHelper/LuggageHelper/ViewModels/LuggageViewModel.swift (in target 'LuggageHelper' from project 'LuggageHelper')
    cd /Users/ahti/Desktop/codework/iOS/LuggageHelper
    

SwiftCompile normal arm64 /Users/ahti/Desktop/codework/iOS/LuggageHelper/LuggageHelper/Services/LuggageDataService.swift (in target 'LuggageHelper' from project 'LuggageHelper')
    cd /Users/ahti/Desktop/codework/iOS/LuggageHelper
    

SwiftCompile normal arm64 Compiling\ TravelChecklist.swift,\ LuggageItem.swift /Users/ahti/Desktop/codework/iOS/LuggageHelper/LuggageHelper/Models/TravelChecklist.swift /Users/ahti/Desktop/codework/iOS/LuggageHelper/LuggageHelper/Models/LuggageItem.swift (in target 'LuggageHelper' from project 'LuggageHelper')

SwiftCompile normal arm64 /Users/ahti/Desktop/codework/iOS/LuggageHelper/LuggageHelper/Models/TravelChecklist.swift (in target 'LuggageHelper' from project 'LuggageHelper')
    cd /Users/ahti/Desktop/codework/iOS/LuggageHelper
    

SwiftCompile normal arm64 /Users/ahti/Desktop/codework/iOS/LuggageHelper/LuggageHelper/Models/LuggageItem.swift (in target 'LuggageHelper' from project 'LuggageHelper')
    cd /Users/ahti/Desktop/codework/iOS/LuggageHelper
    

SwiftCompile normal arm64 Compiling\ String+Extensions.swift,\ ItemRowView.swift /Users/ahti/Desktop/codework/iOS/LuggageHelper/LuggageHelper/Utils/String+Extensions.swift /Users/ahti/Desktop/codework/iOS/LuggageHelper/LuggageHelper/Views/ItemRowView.swift (in target 'LuggageHelper' from project 'LuggageHelper')
Failed frontend command:
/Applications/Xcode.app/Contents/Developer/Toolchains/XcodeDefault.xctoolchain/usr/bin/swift-frontend -frontend -c /Users/ahti/Desktop/codework/iOS/LuggageHelper/LuggageHelper/Models/Luggage.swift /Users/ahti/Desktop/codework/iOS/LuggageHelper/LuggageHelper/Views/AddItemView.swift /Users/ahti/Desktop/codework/iOS/LuggageHelper/LuggageHelper/ContentView.swift /Users/ahti/Desktop/codework/iOS/LuggageHelper/LuggageHelper/ViewModels/LuggageViewModel.swift /Users/ahti/Desktop/codework/iOS/LuggageHelper/LuggageHelper/Services/LuggageDataService.swift /Users/ahti/Desktop/codework/iOS/LuggageHelper/LuggageHelper/Models/TravelChecklist.swift /Users/ahti/Desktop/codework/iOS/LuggageHelper/LuggageHelper/Models/LuggageItem.swift /Users/ahti/Desktop/codework/iOS/LuggageHelper/LuggageHelper/Views/ItemListView.swift /Users/ahti/Desktop/codework/iOS/LuggageHelper/LuggageHelper/Views/ImagePicker.swift /Users/ahti/Desktop/codework/iOS/LuggageHelper/LuggageHelper/Views/AddLuggageView.swift /Users/ahti/Desktop/codework/iOS/LuggageHelper/LuggageHelper/LuggageHelperApp.swift -primary-file /Users/ahti/Desktop/codework/iOS/LuggageHelper/LuggageHelper/Utils/String+Extensions.swift -primary-file /Users/ahti/Desktop/codework/iOS/LuggageHelper/LuggageHelper/Views/ItemRowView.swift /Users/ahti/Desktop/codework/iOS/LuggageHelper/LuggageHelper/Views/TravelChecklistView.swift /Users/ahti/Desktop/codework/iOS/LuggageHelper/LuggageHelper/Views/LuggageListView.swift /Users/ahti/Desktop/codework/iOS/LuggageHelper/LuggageHelper/Views/LuggageDetailView.swift /Users/ahti/Library/Developer/Xcode/DerivedData/LuggageHelper-cekgjdrtewktshcjfiwsvrtrneun/Build/Intermediates.noindex/LuggageHelper.build/Debug-iphonesimulator/LuggageHelper.build/DerivedSources/GeneratedAssetSymbols.swift -emit-dependencies-path /Users/ahti/Library/Developer/Xcode/DerivedData/LuggageHelper-cekgjdrtewktshcjfiwsvrtrneun/Build/Intermediates.noindex/LuggageHelper.build/Debug-iphonesimulator/LuggageHelper.build/Objects-normal/arm64/String+Extensions.d -emit-const-values-path /Users/ahti/Library/Developer/Xcode/DerivedData/LuggageHelper-cekgjdrtewktshcjfiwsvrtrneun/Build/Intermediates.noindex/LuggageHelper.build/Debug-iphonesimulator/LuggageHelper.build/Objects-normal/arm64/String+Extensions.swiftconstvalues -emit-reference-dependencies-path /Users/ahti/Library/Developer/Xcode/DerivedData/LuggageHelper-cekgjdrtewktshcjfiwsvrtrneun/Build/Intermediates.noindex/LuggageHelper.build/Debug-iphonesimulator/LuggageHelper.build/Objects-normal/arm64/String+Extensions.swiftdeps -serialize-diagnostics-path /Users/ahti/Library/Developer/Xcode/DerivedData/LuggageHelper-cekgjdrtewktshcjfiwsvrtrneun/Build/Intermediates.noindex/LuggageHelper.build/Debug-iphonesimulator/LuggageHelper.build/Objects-normal/arm64/String+Extensions.dia -emit-dependencies-path /Users/ahti/Library/Developer/Xcode/DerivedData/LuggageHelper-cekgjdrtewktshcjfiwsvrtrneun/Build/Intermediates.noindex/LuggageHelper.build/Debug-iphonesimulator/LuggageHelper.build/Objects-normal/arm64/ItemRowView.d -emit-const-values-path /Users/ahti/Library/Developer/Xcode/DerivedData/LuggageHelper-cekgjdrtewktshcjfiwsvrtrneun/Build/Intermediates.noindex/LuggageHelper.build/Debug-iphonesimulator/LuggageHelper.build/Objects-normal/arm64/ItemRowView.swiftconstvalues -emit-reference-dependencies-path /Users/ahti/Library/Developer/Xcode/DerivedData/LuggageHelper-cekgjdrtewktshcjfiwsvrtrneun/Build/Intermediates.noindex/LuggageHelper.build/Debug-iphonesimulator/LuggageHelper.build/Objects-normal/arm64/ItemRowView.swiftdeps -serialize-diagnostics-path /Users/ahti/Library/Developer/Xcode/DerivedData/LuggageHelper-cekgjdrtewktshcjfiwsvrtrneun/Build/Intermediates.noindex/LuggageHelper.build/Debug-iphonesimulator/LuggageHelper.build/Objects-normal/arm64/ItemRowView.dia -emit-localized-strings -emit-localized-strings-path /Users/ahti/Library/Developer/Xcode/DerivedData/LuggageHelper-cekgjdrtewktshcjfiwsvrtrneun/Build/Intermediates.noindex/LuggageHelper.build/Debug-iphonesimulator/LuggageHelper.build/Objects-normal/arm64 -target arm64-apple-ios17-simulator -Xllvm -aarch64-use-tbi -enable-objc-interop -sdk /Applications/Xcode.app/Contents/Developer/Platforms/iPhoneSimulator.platform/Developer/SDKs/iPhoneSimulator18.5.sdk -I /Users/ahti/Library/Developer/Xcode/DerivedData/LuggageHelper-cekgjdrtewktshcjfiwsvrtrneun/Build/Products/Debug-iphonesimulator -F /Users/ahti/Library/Developer/Xcode/DerivedData/LuggageHelper-cekgjdrtewktshcjfiwsvrtrneun/Build/Products/Debug-iphonesimulator -no-color-diagnostics -enable-testing -g -debug-info-format\=dwarf -dwarf-version\=4 -module-cache-path /Users/ahti/Library/Developer/Xcode/DerivedData/ModuleCache.noindex -profile-generate -profile-coverage-mapping -swift-version 5 -enforce-exclusivity\=checked -Onone -D DEBUG -serialize-debugging-options -const-gather-protocols-file /Users/ahti/Library/Developer/Xcode/DerivedData/LuggageHelper-cekgjdrtewktshcjfiwsvrtrneun/Build/Intermediates.noindex/LuggageHelper.build/Debug-iphonesimulator/LuggageHelper.build/Objects-normal/arm64/LuggageHelper_const_extract_protocols.json -enable-experimental-feature DebugDescriptionMacro -enable-bare-slash-regex -empty-abi-descriptor -validate-clang-modules-once -clang-build-session-file /Users/ahti/Library/Developer/Xcode/DerivedData/ModuleCache.noindex/Session.modulevalidation -Xcc -working-directory -Xcc /Users/ahti/Desktop/codework/iOS/LuggageHelper -resource-dir /Applications/Xcode.app/Contents/Developer/Toolchains/XcodeDefault.xctoolchain/usr/lib/swift -enable-anonymous-context-mangled-names -file-compilation-dir /Users/ahti/Desktop/codework/iOS/LuggageHelper -Xcc -ivfsstatcache -Xcc /Users/ahti/Library/Developer/Xcode/DerivedData/SDKStatCaches.noindex/iphonesimulator18.5-22F76-d5fc8ad4295d2ef488fb7d0f804ce0c4.sdkstatcache -Xcc -I/Users/ahti/Library/Developer/Xcode/DerivedData/LuggageHelper-cekgjdrtewktshcjfiwsvrtrneun/Build/Intermediates.noindex/LuggageHelper.build/Debug-iphonesimulator/LuggageHelper.build/swift-overrides.hmap -Xcc -iquote -Xcc /Users/ahti/Library/Developer/Xcode/DerivedData/LuggageHelper-cekgjdrtewktshcjfiwsvrtrneun/Build/Intermediates.noindex/LuggageHelper.build/Debug-iphonesimulator/LuggageHelper.build/LuggageHelper-generated-files.hmap -Xcc -I/Users/ahti/Library/Developer/Xcode/DerivedData/LuggageHelper-cekgjdrtewktshcjfiwsvrtrneun/Build/Intermediates.noindex/LuggageHelper.build/Debug-iphonesimulator/LuggageHelper.build/LuggageHelper-own-target-headers.hmap -Xcc -I/Users/ahti/Library/Developer/Xcode/DerivedData/LuggageHelper-cekgjdrtewktshcjfiwsvrtrneun/Build/Intermediates.noindex/LuggageHelper.build/Debug-iphonesimulator/LuggageHelper.build/LuggageHelper-all-target-headers.hmap -Xcc -iquote -Xcc /Users/ahti/Library/Developer/Xcode/DerivedData/LuggageHelper-cekgjdrtewktshcjfiwsvrtrneun/Build/Intermediates.noindex/LuggageHelper.build/Debug-iphonesimulator/LuggageHelper.build/LuggageHelper-project-headers.hmap -Xcc -I/Users/ahti/Library/Developer/Xcode/DerivedData/LuggageHelper-cekgjdrtewktshcjfiwsvrtrneun/Build/Products/Debug-iphonesimulator/include -Xcc -I/Users/ahti/Library/Developer/Xcode/DerivedData/LuggageHelper-cekgjdrtewktshcjfiwsvrtrneun/Build/Intermediates.noindex/LuggageHelper.build/Debug-iphonesimulator/LuggageHelper.build/DerivedSources-normal/arm64 -Xcc -I/Users/ahti/Library/Developer/Xcode/DerivedData/LuggageHelper-cekgjdrtewktshcjfiwsvrtrneun/Build/Intermediates.noindex/LuggageHelper.build/Debug-iphonesimulator/LuggageHelper.build/DerivedSources/arm64 -Xcc -I/Users/ahti/Library/Developer/Xcode/DerivedData/LuggageHelper-cekgjdrtewktshcjfiwsvrtrneun/Build/Intermediates.noindex/LuggageHelper.build/Debug-iphonesimulator/LuggageHelper.build/DerivedSources -Xcc -DDEBUG\=1 -module-name LuggageHelper -frontend-parseable-output -disable-clang-spi -target-sdk-version 18.5 -target-sdk-name iphonesimulator18.5 -external-plugin-path /Applications/Xcode.app/Contents/Developer/Platforms/iPhoneOS.platform/Developer/usr/lib/swift/host/plugins\#/Applications/Xcode.app/Contents/Developer/Platforms/iPhoneOS.platform/Developer/usr/bin/swift-plugin-server -external-plugin-path /Applications/Xcode.app/Contents/Developer/Platforms/iPhoneOS.platform/Developer/usr/local/lib/swift/host/plugins\#/Applications/Xcode.app/Contents/Developer/Platforms/iPhoneOS.platform/Developer/usr/bin/swift-plugin-server -in-process-plugin-server-path /Applications/Xcode.app/Contents/Developer/Toolchains/XcodeDefault.xctoolchain/usr/lib/swift/host/libSwiftInProcPluginServer.dylib -plugin-path /Applications/Xcode.app/Contents/Developer/Toolchains/XcodeDefault.xctoolchain/usr/lib/swift/host/plugins -plugin-path /Applications/Xcode.app/Contents/Developer/Toolchains/XcodeDefault.xctoolchain/usr/local/lib/swift/host/plugins -o /Users/ahti/Library/Developer/Xcode/DerivedData/LuggageHelper-cekgjdrtewktshcjfiwsvrtrneun/Build/Intermediates.noindex/LuggageHelper.build/Debug-iphonesimulator/LuggageHelper.build/Objects-normal/arm64/String+Extensions.o -o /Users/ahti/Library/Developer/Xcode/DerivedData/LuggageHelper-cekgjdrtewktshcjfiwsvrtrneun/Build/Intermediates.noindex/LuggageHelper.build/Debug-iphonesimulator/LuggageHelper.build/Objects-normal/arm64/ItemRowView.o -index-unit-output-path /LuggageHelper.build/Debug-iphonesimulator/LuggageHelper.build/Objects-normal/arm64/String+Extensions.o -index-unit-output-path /LuggageHelper.build/Debug-iphonesimulator/LuggageHelper.build/Objects-normal/arm64/ItemRowView.o -index-store-path /Users/ahti/Library/Developer/Xcode/DerivedData/LuggageHelper-cekgjdrtewktshcjfiwsvrtrneun/Index.noindex/DataStore -index-system-modules

SwiftCompile normal arm64 /Users/ahti/Desktop/codework/iOS/LuggageHelper/LuggageHelper/Utils/String+Extensions.swift (in target 'LuggageHelper' from project 'LuggageHelper')
    cd /Users/ahti/Desktop/codework/iOS/LuggageHelper
    

SwiftCompile normal arm64 /Users/ahti/Desktop/codework/iOS/LuggageHelper/LuggageHelper/Views/ItemRowView.swift (in target 'LuggageHelper' from project 'LuggageHelper')
    cd /Users/ahti/Desktop/codework/iOS/LuggageHelper
    
/Users/ahti/Desktop/codework/iOS/LuggageHelper/LuggageHelper/Views/ItemRowView.swift:5:8: error: invalid redeclaration of 'ItemRowView'
struct ItemRowView: View {
       ^
/Users/ahti/Desktop/codework/iOS/LuggageHelper/LuggageHelper/Views/LuggageDetailView.swift:111:8: note: 'ItemRowView' previously declared here
struct ItemRowView: View {
       ^
/Users/ahti/Desktop/codework/iOS/LuggageHelper/LuggageHelper/Views/LuggageDetailView.swift:111:8: note: 'ItemRowView' previously declared here
struct ItemRowView: View {
       ^

SwiftCompile normal arm64 Compiling\ LuggageDetailView.swift,\ GeneratedAssetSymbols.swift /Users/ahti/Desktop/codework/iOS/LuggageHelper/LuggageHelper/Views/LuggageDetailView.swift /Users/ahti/Library/Developer/Xcode/DerivedData/LuggageHelper-cekgjdrtewktshcjfiwsvrtrneun/Build/Intermediates.noindex/LuggageHelper.build/Debug-iphonesimulator/LuggageHelper.build/DerivedSources/GeneratedAssetSymbols.swift (in target 'LuggageHelper' from project 'LuggageHelper')
SwiftCompile normal arm64 /Users/ahti/Desktop/codework/iOS/LuggageHelper/LuggageHelper/Views/LuggageDetailView.swift (in target 'LuggageHelper' from project 'LuggageHelper')
    cd /Users/ahti/Desktop/codework/iOS/LuggageHelper
    

SwiftCompile normal arm64 /Users/ahti/Library/Developer/Xcode/DerivedData/LuggageHelper-cekgjdrtewktshcjfiwsvrtrneun/Build/Intermediates.noindex/LuggageHelper.build/Debug-iphonesimulator/LuggageHelper.build/DerivedSources/GeneratedAssetSymbols.swift (in target 'LuggageHelper' from project 'LuggageHelper')
    cd /Users/ahti/Desktop/codework/iOS/LuggageHelper
    

SwiftCompile normal arm64 Compiling\ TravelChecklistView.swift,\ LuggageListView.swift /Users/ahti/Desktop/codework/iOS/LuggageHelper/LuggageHelper/Views/TravelChecklistView.swift /Users/ahti/Desktop/codework/iOS/LuggageHelper/LuggageHelper/Views/LuggageListView.swift (in target 'LuggageHelper' from project 'LuggageHelper')
Command SwiftCompile failed with a nonzero exit code

** BUILD FAILED **


The following build commands failed:
	SwiftCompile normal arm64 Compiling\ String+Extensions.swift,\ ItemRowView.swift /Users/ahti/Desktop/codework/iOS/LuggageHelper/LuggageHelper/Utils/String+Extensions.swift /Users/ahti/Desktop/codework/iOS/LuggageHelper/LuggageHelper/Views/ItemRowView.swift (in target 'LuggageHelper' from project 'LuggageHelper')
	SwiftCompile normal arm64 /Users/ahti/Desktop/codework/iOS/LuggageHelper/LuggageHelper/Views/ItemRowView.swift (in target 'LuggageHelper' from project 'LuggageHelper')
	SwiftCompile normal arm64 Compiling\ TravelChecklistView.swift,\ LuggageListView.swift /Users/ahti/Desktop/codework/iOS/LuggageHelper/LuggageHelper/Views/TravelChecklistView.swift /Users/ahti/Desktop/codework/iOS/LuggageHelper/LuggageHelper/Views/LuggageListView.swift (in target 'LuggageHelper' from project 'LuggageHelper')
	Building project LuggageHelper with scheme LuggageHelper
(4 failures)
